  0%|          | 0/3 [00:00<?, ?it/s] 33%|███▎      | 1/3 [16:29:38<32:59:16, 59378.32s/it]Iteration 1...

1000000
1000000
1000000
1000000
1000000
1000000
1000000
1000000
1000000
1000000
1000000
1000000
1000000
1000000
1000000
1000000
1000000
1000000
1000000
1000000
1000000
1000000
1000000
1000000
1000000
1000000
1000000
1000000
1000000
1000000
1000000
1000000
1000000
1000000
1000000
1000000
1000000
1000000
1000000
1000000
1000000
1000000
1000000
1000000
356205
Iteration 2...

1000000
1000000
1000000
1000000
1000000
1000000
1000000
1000000
1000000
1000000
1000000
1000000
1000000
1000000
1000000
1000000
1000000
1000000
1000000
1000000
1000000
1000000
1000000
1000000
1000000
1000000
1000000
1000000
1000000
1000000
1000000
1000000
1000000
1000000
1000000
1000000
1000000
1000000
1000000
1000000
1000000
1000000
1000000
1000000
356205
Traceback (most recent call last):
  File "final_framework.py", line 241, in <module>
    sorted_patterns = patternSearch(seed, keywords, lower_filename)
  File "final_framework.py", line 143, in patternSearch
    l1, l2, l3, l4, m1, m2, m3, m4 = run_prdualrank(T_0, unranked_patterns, unranked_phrases, file)
  File "final_framework.py", line 45, in run_prdualrank
    context_matrix = np.zeros((len(unranked_phrases), len(unranked_patterns)))
MemoryError: Unable to allocate array with shape (305913, 23914) and data type float64
 33%|███▎      | 1/3 [34:44:13<69:28:27, 125053.61s/it]
  0%|          | 0/3 [00:00<?, ?it/s] 33%|███▎      | 1/3 [07:28<14:57, 448.73s/it] 67%|██████▋   | 2/3 [16:19<07:53, 473.34s/it]100%|██████████| 3/3 [25:25<00:00, 495.27s/it]100%|██████████| 3/3 [25:25<00:00, 508.65s/it]
Iteration 1...

1000000
Iteration 2...

1000000
Iteration 3...

1000000
